{"level":"error","message":"patientRegisterService: O email já está em uso"}
{"level":"error","message":"O email já está em uso"}
{"level":"error","message":"patientRegisterService: O email já está em uso"}
{"level":"error","message":"O email já está em uso"}
{"level":"error","message":"patientRegisterService: O email já está em uso"}
{"level":"error","message":"O email já está em uso"}
{"level":"error","message":"Usuário não encontrado"}
{"level":"error","message":"Usuário não encontrado"}
{"level":"error","message":"ER_NO_SUCH_TABLE: Table 'crud.historico_evolucao_paciente' doesn't exist"}
{"level":"error","message":"ER_NO_SUCH_TABLE: Table 'crud.historico_evolucao_paciente' doesn't exist"}
{"level":"error","message":"ER_NO_SUCH_TABLE: Table 'crud.historico_evolucao_paciente' doesn't exist"}
{"level":"error","message":"ER_NO_SUCH_TABLE: Table 'crud.historico_evolucao_paciente' doesn't exist"}
{"level":"error","message":"ER_NO_SUCH_TABLE: Table 'crud.historico_evolucao_paciente' doesn't exist"}
{"level":"error","message":"ER_NO_SUCH_TABLE: Table 'crud.historico_evolucao_paciente' doesn't exist"}
{"level":"error","message":"ER_NO_SUCH_TABLE: Table 'crud.historico_evolucao_paciente' doesn't exist"}
{"level":"error","message":"ER_NO_SUCH_TABLE: Table 'crud.historico_evolucao_paciente' doesn't exist"}
{"level":"error","message":"ER_NO_SUCH_TABLE: Table 'crud.historico_evolucao_paciente' doesn't exist"}
{"level":"error","message":"ER_NO_SUCH_TABLE: Table 'crud.historico_evolucao_paciente' doesn't exist"}
{"level":"error","message":"ER_BAD_FIELD_ERROR: Unknown column 'data_alteracao' in 'order clause'"}
{"level":"error","message":"ER_BAD_FIELD_ERROR: Unknown column 'data_alteracao' in 'order clause'"}
{"level":"error","message":"ER_TRUNCATED_WRONG_VALUE: Incorrect date value: '31-12-1969' for column 'dataNascimento' at row 1"}
{"level":"error","message":"ER_TRUNCATED_WRONG_VALUE: Incorrect date value: '31-12-1969' for column 'dataNascimento' at row 1"}
{"level":"error","message":"ER_TRUNCATED_WRONG_VALUE: Incorrect date value: '31-12-1969' for column 'dataNascimento' at row 1"}
{"level":"error","message":"ER_TRUNCATED_WRONG_VALUE: Incorrect date value: '31-12-1969' for column 'dataNascimento' at row 1"}
{"level":"error","message":"ER_TRUNCATED_WRONG_VALUE: Incorrect date value: '09-09-2000' for column 'dataNascimento' at row 1"}
{"level":"error","message":"ER_TRUNCATED_WRONG_VALUE: Incorrect date value: '09-09-2000' for column 'dataNascimento' at row 1"}
{"level":"error","message":"ER_BAD_FIELD_ERROR: Unknown column 'gordura_corporal' in 'field list'"}
{"level":"error","message":"ER_BAD_FIELD_ERROR: Unknown column 'gordura_corporal' in 'field list'"}
{"level":"error","message":"ER_BAD_FIELD_ERROR: Unknown column 'gordura_corporal' in 'field list'"}
{"level":"error","message":"ER_BAD_FIELD_ERROR: Unknown column 'gordura_corporal' in 'field list'"}
{"level":"error","message":"ER_PARSE_ERROR: You have an error in your SQL syntax; check the manual that corresponds to your MySQL server version for the right syntax to use near '?)' at line 1"}
{"level":"error","message":"ER_PARSE_ERROR: You have an error in your SQL syntax; check the manual that corresponds to your MySQL server version for the right syntax to use near '?)' at line 1"}
